<?xml version="1.0" encoding="UTF-8"?>
<!-- Generated by org.testng.reporters.JUnitXMLReporter -->
<testsuite hostname="santhoshs-MacBook-Air.local" ignored="15" name="ChromeTest" tests="16" failures="0" timestamp="21 Aug 2019 07:39:48 GMT" time="168.536" errors="0">
  <testcase name="validateLoginPageTitle" time="0.014" classname="com.qa.testcases.LoginPageTest"/>
  <testcase name="redirectedToForgotPasswordPage" time="0.945" classname="com.qa.testcases.ForgetPasswordPageTest"/>
  <testcase name="logoImageTest" time="0.099" classname="com.qa.testcases.LoginPageTest"/>
  <testcase name="unregisteredUsername" time="1.916" classname="com.qa.testcases.ForgetPasswordPageTest"/>
  <testcase name="validCredentials" time="1.681" classname="com.qa.testcases.LoginPageTest"/>
  <testcase name="invalidUsername" time="1.132" classname="com.qa.testcases.ForgetPasswordPageTest"/>
  <testcase name="emptyCredentials" time="1.492" classname="com.qa.testcases.LoginPageTest"/>
  <testcase name="validUsername" time="1.226" classname="com.qa.testcases.ForgetPasswordPageTest"/>
  <testcase name="emptyUsername" time="1.308" classname="com.qa.testcases.LoginPageTest"/>
  <testcase name="emptyUsername" time="1.252" classname="com.qa.testcases.ForgetPasswordPageTest"/>
  <testcase name="emptyPassword" time="1.427" classname="com.qa.testcases.LoginPageTest"/>
  <testcase name="unregisteredUsername" time="1.537" classname="com.qa.testcases.LoginPageTest"/>
  <testcase name="invalidPassword" time="1.442" classname="com.qa.testcases.LoginPageTest"/>
  <testcase name="invalidUsername" time="1.778" classname="com.qa.testcases.LoginPageTest"/>
  <testcase name="isPasswordVisible" time="0.058" classname="com.qa.testcases.LoginPageTest"/>
  <testcase name="isEnterKeyAllowed" time="1.689" classname="com.qa.testcases.LoginPageTest"/>
  <testcase name="unSuccessfulLoginAttempts" time="0.0" classname="com.qa.testcases.LoginPageTest">
    <ignored/>
  </testcase> <!-- unSuccessfulLoginAttempts -->
  <testcase name="decipheringPassword" time="0.0" classname="com.qa.testcases.LoginPageTest">
    <ignored/>
  </testcase> <!-- decipheringPassword -->
  <testcase name="backButtonAfterLogout" time="0.0" classname="com.qa.testcases.LoginPageTest">
    <ignored/>
  </testcase> <!-- backButtonAfterLogout -->
  <testcase name="newPasswordLogin" time="0.0" classname="com.qa.testcases.ForgetPasswordPageTest">
    <ignored/>
  </testcase> <!-- newPasswordLogin -->
  <testcase name="differentBrowserLogin" time="0.0" classname="com.qa.testcases.LoginPageTest">
    <ignored/>
  </testcase> <!-- differentBrowserLogin -->
  <testcase name="isLoginElementPresent" time="0.0" classname="com.qa.testcases.LoginPageTest">
    <ignored/>
  </testcase> <!-- isLoginElementPresent -->
  <testcase name="differentWindowLogin" time="0.0" classname="com.qa.testcases.LoginPageTest">
    <ignored/>
  </testcase> <!-- differentWindowLogin -->
  <testcase name="usernameLength" time="0.0" classname="com.qa.testcases.LoginPageTest">
    <ignored/>
  </testcase> <!-- usernameLength -->
  <testcase name="inActiveCredentials" time="0.0" classname="com.qa.testcases.LoginPageTest">
    <ignored/>
  </testcase> <!-- inActiveCredentials -->
  <testcase name="oldPasswordLogin" time="0.0" classname="com.qa.testcases.ForgetPasswordPageTest">
    <ignored/>
  </testcase> <!-- oldPasswordLogin -->
  <testcase name="passwordLength" time="0.0" classname="com.qa.testcases.LoginPageTest">
    <ignored/>
  </testcase> <!-- passwordLength -->
  <testcase name="usernameLength2" time="0.0" classname="com.qa.testcases.LoginPageTest">
    <ignored/>
  </testcase> <!-- usernameLength2 -->
  <testcase name="backButtonAfterLogin" time="0.0" classname="com.qa.testcases.LoginPageTest">
    <ignored/>
  </testcase> <!-- backButtonAfterLogin -->
  <testcase name="reopenApplicationWindow" time="0.0" classname="com.qa.testcases.LoginPageTest">
    <ignored/>
  </testcase> <!-- reopenApplicationWindow -->
  <testcase name="differentTabLogin" time="0.0" classname="com.qa.testcases.LoginPageTest">
    <ignored/>
  </testcase> <!-- differentTabLogin -->
</testsuite> <!-- ChromeTest -->
