<?xml version="1.0" encoding="UTF-8"?>
<testsuite xmlns:xsi="http://www.w3.org/2001/XMLSchema-instance" xsi:noNamespaceSchemaLocation="https://maven.apache.org/surefire/maven-surefire-plugin/xsd/surefire-test-report-3.0.xsd" version="3.0" name="TestSuite" time="350.051" tests="32" errors="0" skipped="0" failures="1">
  <properties>
[...]
</properties>
  <testcase name="validateLoginPageTitle" classname="com.qa.testcases.LoginPageTest" time="0.015"/>
  <testcase name="validateLoginPageTitle" classname="com.qa.testcases.LoginPageTest" time="0.006"/>
  <testcase name="redirectedToForgotPasswordPage" classname="com.qa.testcases.ForgetPasswordPageTest" time="0.942"/>
  <testcase name="redirectedToForgotPasswordPage" classname="com.qa.testcases.ForgetPasswordPageTest" time="1.322"/>
  <testcase name="logoImageTest" classname="com.qa.testcases.LoginPageTest" time="0.098"/>
  <testcase name="logoImageTest" classname="com.qa.testcases.LoginPageTest" time="0.068"/>
  <testcase name="unregisteredUsername" classname="com.qa.testcases.ForgetPasswordPageTest" time="1.915"/>
  <testcase name="unregisteredUsername" classname="com.qa.testcases.ForgetPasswordPageTest" time="1.562"/>
  <testcase name="validCredentials" classname="com.qa.testcases.LoginPageTest" time="1.682"/>
  <testcase name="validCredentials" classname="com.qa.testcases.LoginPageTest" time="1.92"/>
  <testcase name="invalidUsername" classname="com.qa.testcases.ForgetPasswordPageTest" time="1.131"/>
  <testcase name="invalidUsername" classname="com.qa.testcases.ForgetPasswordPageTest" time="1.028"/>
  <testcase name="emptyCredentials" classname="com.qa.testcases.LoginPageTest" time="1.492"/>
  <testcase name="emptyCredentials" classname="com.qa.testcases.LoginPageTest" time="1.18"/>
  <testcase name="validUsername" classname="com.qa.testcases.ForgetPasswordPageTest" time="1.226"/>
  <testcase name="validUsername" classname="com.qa.testcases.ForgetPasswordPageTest" time="1.196"/>
  <testcase name="emptyUsername" classname="com.qa.testcases.LoginPageTest" time="1.306"/>
  <testcase name="emptyUsername" classname="com.qa.testcases.LoginPageTest" time="1.513"/>
  <testcase name="emptyUsername" classname="com.qa.testcases.ForgetPasswordPageTest" time="1.25"/>
  <testcase name="emptyUsername" classname="com.qa.testcases.ForgetPasswordPageTest" time="0.939"/>
  <testcase name="emptyPassword" classname="com.qa.testcases.LoginPageTest" time="1.426"/>
  <testcase name="emptyPassword" classname="com.qa.testcases.LoginPageTest" time="1.532"/>
  <testcase name="unregisteredUsername" classname="com.qa.testcases.LoginPageTest" time="1.538"/>
  <testcase name="unregisteredUsername" classname="com.qa.testcases.LoginPageTest" time="1.631"/>
  <testcase name="invalidPassword" classname="com.qa.testcases.LoginPageTest" time="1.442"/>
  <testcase name="invalidPassword" classname="com.qa.testcases.LoginPageTest" time="1.695"/>
  <testcase name="invalidUsername" classname="com.qa.testcases.LoginPageTest" time="1.776"/>
  <testcase name="invalidUsername" classname="com.qa.testcases.LoginPageTest" time="1.746"/>
  <testcase name="isPasswordVisible" classname="com.qa.testcases.LoginPageTest" time="0.057"/>
  <testcase name="isPasswordVisible" classname="com.qa.testcases.LoginPageTest" time="0.055"/>
  <testcase name="isEnterKeyAllowed" classname="com.qa.testcases.LoginPageTest" time="1.689"/>
  <testcase name="isEnterKeyAllowed" classname="com.qa.testcases.LoginPageTest" time="0.506">
    <failure message="expected:&lt;http://automationpractice.com/index.php?controller=authentication&amp;back=my-account&gt; but was:&lt;http://automationpractice.com/index.php?controller=my-account&gt;" type="java.lang.AssertionError"><![CDATA[java.lang.AssertionError: expected:<http://automationpractice.com/index.php?controller=authentication&back=my-account> but was:<http://automationpractice.com/index.php?controller=my-account>
	at com.qa.testcases.LoginPageTest.isEnterKeyAllowed(LoginPageTest.java:193)
]]></failure>
    <system-err><![CDATA[*** UTM:SVC TimerManager:registerTimer called after profile-before-change notification. Ignoring timer registration for id: telemetry_modules_ping
1566373340552	mozrunner::runner	INFO	Running command: "/Applications/Firefox.app/Contents/MacOS/firefox-bin" "-marionette" "-foreground" "-no-remote" "-profile" "/var/folders/v4/w9n_pmld4_5gsc__cfk78qx80000gn/T/rust_mozprofile.z2dvrL7k07jN"
1566373341204	Marionette	INFO	Enabled via --marionette
2019-08-21 03:42:22.266 plugin-container[9809:540175] *** CFMessagePort: bootstrap_register(): failed 1100 (0x44c) 'Permission denied', port = 0xa137, name = 'com.apple.tsm.portname'
See /usr/include/servers/bootstrap_defs.h for the error codes.
1566373342788	Marionette	INFO	Listening on port 60122
1566373342846	Marionette	WARN	TLS certificate errors will be ignored for this session
1566373342924	Marionette	DEBUG	Register listener.js for window 2147483649
Aug 21, 2019 3:42:22 AM org.openqa.selenium.remote.ProtocolHandshake createSession
INFO: Detected dialect: W3C
1566373343286	Marionette	DEBUG	Received DOM event "beforeunload" for "about:blank"
1566373343778	Marionette	DEBUG	Received DOM event "pagehide" for "about:blank"
1566373343779	Marionette	DEBUG	Received DOM event "unload" for "about:blank"
1566373345320	Marionette	DEBUG	Received DOM event "DOMContentLoaded" for "http://automationpractice.com/index.php"
1566373346477	Marionette	DEBUG	Received DOM event "pageshow" for "http://automationpractice.com/index.php"
1566373346604	Marionette	DEBUG	Received DOM event "beforeunload" for "http://automationpractice.com/index.php"
1566373348098	Marionette	DEBUG	Received DOM event "pagehide" for "http://automationpractice.com/index.php"
1566373348101	Marionette	DEBUG	Received DOM event "unload" for "http://automationpractice.com/index.php"
1566373348511	Marionette	DEBUG	Received DOM event "DOMContentLoaded" for "http://automationpractice.com/index.php?controller=authentication&back=my-account"
1566373348519	Marionette	DEBUG	Received DOM event "pageshow" for "http://automationpractice.com/index.php?controller=authentication&back=my-account"
]]></system-err>
  </testcase>
</testsuite>