-------------------------------------------------------------------------------
Test set: TestSuite
-------------------------------------------------------------------------------
Tests run: 32, Failures: 1, Errors: 0, Skipped: 0, Time elapsed: 350.051 s <<< FAILURE! - in TestSuite
isEnterKeyAllowed(com.qa.testcases.LoginPageTest)  Time elapsed: 0.506 s  <<< FAILURE!
java.lang.AssertionError: expected:<http://automationpractice.com/index.php?controller=authentication&back=my-account> but was:<http://automationpractice.com/index.php?controller=my-account>
	at com.qa.testcases.LoginPageTest.isEnterKeyAllowed(LoginPageTest.java:193)

