<?xml version="1.0" encoding="UTF-8"?>
<testng-results skipped="0" failed="1" ignored="30" total="62" passed="31">
  <reporter-output>
  </reporter-output>
  <suite name="TestSuite" duration-ms="334473" started-at="2019-08-21T07:36:55Z" finished-at="2019-08-21T07:42:29Z">
    <groups>
    </groups>
    <test name="ChromeTest" duration-ms="168536" started-at="2019-08-21T07:36:55Z" finished-at="2019-08-21T07:39:43Z">
      <class name="com.qa.testcases.ForgetPasswordPageTest">
        <test-method status="PASS" signature="setUp(java.lang.String, java.lang.String)[pri:0, instance:com.qa.testcases.ForgetPasswordPageTest@6574b225]" name="setUp" is-config="true" duration-ms="38062" started-at="2019-08-21T03:37:03Z" finished-at="2019-08-21T03:37:41Z">
          <params>
            <param index="0">
              <value>
                <![CDATA[chrome]]>
              </value>
            </param>
            <param index="1">
              <value>
                <![CDATA[5555]]>
              </value>
            </param>
          </params>
          <reporter-output>
          </reporter-output>
        </test-method> <!-- setUp -->
        <test-method status="PASS" signature="redirectedToForgotPasswordPage()[pri:1, instance:com.qa.testcases.ForgetPasswordPageTest@6574b225]" name="redirectedToForgotPasswordPage" duration-ms="945" started-at="2019-08-21T03:37:41Z" finished-at="2019-08-21T03:37:42Z">
          <reporter-output>
          </reporter-output>
        </test-method> <!-- redirectedToForgotPasswordPage -->
        <test-method status="PASS" signature="tearDown()[pri:0, instance:com.qa.testcases.ForgetPasswordPageTest@6574b225]" name="tearDown" is-config="true" duration-ms="115" started-at="2019-08-21T03:37:42Z" finished-at="2019-08-21T03:37:42Z">
          <reporter-output>
          </reporter-output>
        </test-method> <!-- tearDown -->
        <test-method status="PASS" signature="setUp(java.lang.String, java.lang.String)[pri:0, instance:com.qa.testcases.ForgetPasswordPageTest@6574b225]" name="setUp" is-config="true" duration-ms="12889" started-at="2019-08-21T03:37:50Z" finished-at="2019-08-21T03:38:02Z">
          <params>
            <param index="0">
              <value>
                <![CDATA[chrome]]>
              </value>
            </param>
            <param index="1">
              <value>
                <![CDATA[5555]]>
              </value>
            </param>
          </params>
          <reporter-output>
          </reporter-output>
        </test-method> <!-- setUp -->
        <test-method status="PASS" signature="unregisteredUsername()[pri:2, instance:com.qa.testcases.ForgetPasswordPageTest@6574b225]" name="unregisteredUsername" duration-ms="1916" started-at="2019-08-21T03:38:02Z" finished-at="2019-08-21T03:38:04Z">
          <reporter-output>
          </reporter-output>
        </test-method> <!-- unregisteredUsername -->
        <test-method status="PASS" signature="tearDown()[pri:0, instance:com.qa.testcases.ForgetPasswordPageTest@6574b225]" name="tearDown" is-config="true" duration-ms="106" started-at="2019-08-21T03:38:05Z" finished-at="2019-08-21T03:38:05Z">
          <reporter-output>
          </reporter-output>
        </test-method> <!-- tearDown -->
        <test-method status="PASS" signature="setUp(java.lang.String, java.lang.String)[pri:0, instance:com.qa.testcases.ForgetPasswordPageTest@6574b225]" name="setUp" is-config="true" duration-ms="7008" started-at="2019-08-21T03:38:13Z" finished-at="2019-08-21T03:38:20Z">
          <params>
            <param index="0">
              <value>
                <![CDATA[chrome]]>
              </value>
            </param>
            <param index="1">
              <value>
                <![CDATA[5555]]>
              </value>
            </param>
          </params>
          <reporter-output>
          </reporter-output>
        </test-method> <!-- setUp -->
        <test-method status="PASS" signature="invalidUsername()[pri:3, instance:com.qa.testcases.ForgetPasswordPageTest@6574b225]" name="invalidUsername" duration-ms="1132" started-at="2019-08-21T03:38:20Z" finished-at="2019-08-21T03:38:21Z">
          <reporter-output>
          </reporter-output>
        </test-method> <!-- invalidUsername -->
        <test-method status="PASS" signature="tearDown()[pri:0, instance:com.qa.testcases.ForgetPasswordPageTest@6574b225]" name="tearDown" is-config="true" duration-ms="109" started-at="2019-08-21T03:38:21Z" finished-at="2019-08-21T03:38:21Z">
          <reporter-output>
          </reporter-output>
        </test-method> <!-- tearDown -->
        <test-method status="PASS" signature="setUp(java.lang.String, java.lang.String)[pri:0, instance:com.qa.testcases.ForgetPasswordPageTest@6574b225]" name="setUp" is-config="true" duration-ms="7195" started-at="2019-08-21T03:38:29Z" finished-at="2019-08-21T03:38:37Z">
          <params>
            <param index="0">
              <value>
                <![CDATA[chrome]]>
              </value>
            </param>
            <param index="1">
              <value>
                <![CDATA[5555]]>
              </value>
            </param>
          </params>
          <reporter-output>
          </reporter-output>
        </test-method> <!-- setUp -->
        <test-method status="PASS" signature="validUsername()[pri:4, instance:com.qa.testcases.ForgetPasswordPageTest@6574b225]" name="validUsername" duration-ms="1226" started-at="2019-08-21T03:38:37Z" finished-at="2019-08-21T03:38:38Z">
          <reporter-output>
          </reporter-output>
        </test-method> <!-- validUsername -->
        <test-method status="PASS" signature="tearDown()[pri:0, instance:com.qa.testcases.ForgetPasswordPageTest@6574b225]" name="tearDown" is-config="true" duration-ms="100" started-at="2019-08-21T03:38:38Z" finished-at="2019-08-21T03:38:38Z">
          <reporter-output>
          </reporter-output>
        </test-method> <!-- tearDown -->
        <test-method status="PASS" signature="setUp(java.lang.String, java.lang.String)[pri:0, instance:com.qa.testcases.ForgetPasswordPageTest@6574b225]" name="setUp" is-config="true" duration-ms="6777" started-at="2019-08-21T03:38:46Z" finished-at="2019-08-21T03:38:53Z">
          <params>
            <param index="0">
              <value>
                <![CDATA[chrome]]>
              </value>
            </param>
            <param index="1">
              <value>
                <![CDATA[5555]]>
              </value>
            </param>
          </params>
          <reporter-output>
          </reporter-output>
        </test-method> <!-- setUp -->
        <test-method status="PASS" signature="emptyUsername()[pri:5, instance:com.qa.testcases.ForgetPasswordPageTest@6574b225]" name="emptyUsername" duration-ms="1252" started-at="2019-08-21T03:38:53Z" finished-at="2019-08-21T03:38:54Z">
          <reporter-output>
          </reporter-output>
        </test-method> <!-- emptyUsername -->
        <test-method status="PASS" signature="tearDown()[pri:0, instance:com.qa.testcases.ForgetPasswordPageTest@6574b225]" name="tearDown" is-config="true" duration-ms="96" started-at="2019-08-21T03:38:54Z" finished-at="2019-08-21T03:38:55Z">
          <reporter-output>
          </reporter-output>
        </test-method> <!-- tearDown -->
      </class> <!-- com.qa.testcases.ForgetPasswordPageTest -->
      <class name="com.qa.testcases.LoginPageTest">
        <test-method status="PASS" signature="setUp(java.lang.String, java.lang.String)[pri:0, instance:com.qa.testcases.LoginPageTest@5056dfcb]" name="setUp" is-config="true" duration-ms="7121" started-at="2019-08-21T03:36:55Z" finished-at="2019-08-21T03:37:02Z">
          <params>
            <param index="0">
              <value>
                <![CDATA[chrome]]>
              </value>
            </param>
            <param index="1">
              <value>
                <![CDATA[5555]]>
              </value>
            </param>
          </params>
          <reporter-output>
          </reporter-output>
        </test-method> <!-- setUp -->
        <test-method status="PASS" signature="validateLoginPageTitle()[pri:1, instance:com.qa.testcases.LoginPageTest@5056dfcb]" name="validateLoginPageTitle" duration-ms="14" started-at="2019-08-21T03:37:02Z" finished-at="2019-08-21T03:37:02Z">
          <reporter-output>
          </reporter-output>
        </test-method> <!-- validateLoginPageTitle -->
        <test-method status="PASS" signature="tearDown()[pri:0, instance:com.qa.testcases.LoginPageTest@5056dfcb]" name="tearDown" is-config="true" duration-ms="98" started-at="2019-08-21T03:37:02Z" finished-at="2019-08-21T03:37:03Z">
          <reporter-output>
          </reporter-output>
        </test-method> <!-- tearDown -->
        <test-method status="PASS" signature="setUp(java.lang.String, java.lang.String)[pri:0, instance:com.qa.testcases.LoginPageTest@5056dfcb]" name="setUp" is-config="true" duration-ms="6978" started-at="2019-08-21T03:37:42Z" finished-at="2019-08-21T03:37:49Z">
          <params>
            <param index="0">
              <value>
                <![CDATA[chrome]]>
              </value>
            </param>
            <param index="1">
              <value>
                <![CDATA[5555]]>
              </value>
            </param>
          </params>
          <reporter-output>
          </reporter-output>
        </test-method> <!-- setUp -->
        <test-method status="PASS" signature="logoImageTest()[pri:2, instance:com.qa.testcases.LoginPageTest@5056dfcb]" name="logoImageTest" duration-ms="99" started-at="2019-08-21T03:37:49Z" finished-at="2019-08-21T03:37:49Z">
          <reporter-output>
          </reporter-output>
        </test-method> <!-- logoImageTest -->
        <test-method status="PASS" signature="tearDown()[pri:0, instance:com.qa.testcases.LoginPageTest@5056dfcb]" name="tearDown" is-config="true" duration-ms="107" started-at="2019-08-21T03:37:49Z" finished-at="2019-08-21T03:37:50Z">
          <reporter-output>
          </reporter-output>
        </test-method> <!-- tearDown -->
        <test-method status="PASS" signature="setUp(java.lang.String, java.lang.String)[pri:0, instance:com.qa.testcases.LoginPageTest@5056dfcb]" name="setUp" is-config="true" duration-ms="5853" started-at="2019-08-21T03:38:05Z" finished-at="2019-08-21T03:38:11Z">
          <params>
            <param index="0">
              <value>
                <![CDATA[chrome]]>
              </value>
            </param>
            <param index="1">
              <value>
                <![CDATA[5555]]>
              </value>
            </param>
          </params>
          <reporter-output>
          </reporter-output>
        </test-method> <!-- setUp -->
        <test-method status="PASS" signature="validCredentials()[pri:3, instance:com.qa.testcases.LoginPageTest@5056dfcb]" name="validCredentials" duration-ms="1681" started-at="2019-08-21T03:38:11Z" finished-at="2019-08-21T03:38:12Z">
          <reporter-output>
          </reporter-output>
        </test-method> <!-- validCredentials -->
        <test-method status="PASS" signature="tearDown()[pri:0, instance:com.qa.testcases.LoginPageTest@5056dfcb]" name="tearDown" is-config="true" duration-ms="145" started-at="2019-08-21T03:38:13Z" finished-at="2019-08-21T03:38:13Z">
          <reporter-output>
          </reporter-output>
        </test-method> <!-- tearDown -->
        <test-method status="PASS" signature="setUp(java.lang.String, java.lang.String)[pri:0, instance:com.qa.testcases.LoginPageTest@5056dfcb]" name="setUp" is-config="true" duration-ms="6160" started-at="2019-08-21T03:38:21Z" finished-at="2019-08-21T03:38:28Z">
          <params>
            <param index="0">
              <value>
                <![CDATA[chrome]]>
              </value>
            </param>
            <param index="1">
              <value>
                <![CDATA[5555]]>
              </value>
            </param>
          </params>
          <reporter-output>
          </reporter-output>
        </test-method> <!-- setUp -->
        <test-method status="PASS" signature="emptyCredentials()[pri:4, instance:com.qa.testcases.LoginPageTest@5056dfcb]" name="emptyCredentials" duration-ms="1492" started-at="2019-08-21T03:38:28Z" finished-at="2019-08-21T03:38:29Z">
          <reporter-output>
          </reporter-output>
        </test-method> <!-- emptyCredentials -->
        <test-method status="PASS" signature="tearDown()[pri:0, instance:com.qa.testcases.LoginPageTest@5056dfcb]" name="tearDown" is-config="true" duration-ms="107" started-at="2019-08-21T03:38:29Z" finished-at="2019-08-21T03:38:29Z">
          <reporter-output>
          </reporter-output>
        </test-method> <!-- tearDown -->
        <test-method status="PASS" signature="setUp(java.lang.String, java.lang.String)[pri:0, instance:com.qa.testcases.LoginPageTest@5056dfcb]" name="setUp" is-config="true" duration-ms="6057" started-at="2019-08-21T03:38:38Z" finished-at="2019-08-21T03:38:44Z">
          <params>
            <param index="0">
              <value>
                <![CDATA[chrome]]>
              </value>
            </param>
            <param index="1">
              <value>
                <![CDATA[5555]]>
              </value>
            </param>
          </params>
          <reporter-output>
          </reporter-output>
        </test-method> <!-- setUp -->
        <test-method status="PASS" signature="emptyUsername()[pri:5, instance:com.qa.testcases.LoginPageTest@5056dfcb]" name="emptyUsername" duration-ms="1308" started-at="2019-08-21T03:38:44Z" finished-at="2019-08-21T03:38:46Z">
          <reporter-output>
          </reporter-output>
        </test-method> <!-- emptyUsername -->
        <test-method status="PASS" signature="tearDown()[pri:0, instance:com.qa.testcases.LoginPageTest@5056dfcb]" name="tearDown" is-config="true" duration-ms="106" started-at="2019-08-21T03:38:46Z" finished-at="2019-08-21T03:38:46Z">
          <reporter-output>
          </reporter-output>
        </test-method> <!-- tearDown -->
        <test-method status="PASS" signature="setUp(java.lang.String, java.lang.String)[pri:0, instance:com.qa.testcases.LoginPageTest@5056dfcb]" name="setUp" is-config="true" duration-ms="5836" started-at="2019-08-21T03:38:55Z" finished-at="2019-08-21T03:39:00Z">
          <params>
            <param index="0">
              <value>
                <![CDATA[chrome]]>
              </value>
            </param>
            <param index="1">
              <value>
                <![CDATA[5555]]>
              </value>
            </param>
          </params>
          <reporter-output>
          </reporter-output>
        </test-method> <!-- setUp -->
        <test-method status="PASS" signature="emptyPassword()[pri:6, instance:com.qa.testcases.LoginPageTest@5056dfcb]" name="emptyPassword" duration-ms="1427" started-at="2019-08-21T03:39:00Z" finished-at="2019-08-21T03:39:02Z">
          <reporter-output>
          </reporter-output>
        </test-method> <!-- emptyPassword -->
        <test-method status="PASS" signature="tearDown()[pri:0, instance:com.qa.testcases.LoginPageTest@5056dfcb]" name="tearDown" is-config="true" duration-ms="151" started-at="2019-08-21T03:39:02Z" finished-at="2019-08-21T03:39:02Z">
          <reporter-output>
          </reporter-output>
        </test-method> <!-- tearDown -->
        <test-method status="PASS" signature="setUp(java.lang.String, java.lang.String)[pri:0, instance:com.qa.testcases.LoginPageTest@5056dfcb]" name="setUp" is-config="true" duration-ms="5957" started-at="2019-08-21T03:39:02Z" finished-at="2019-08-21T03:39:08Z">
          <params>
            <param index="0">
              <value>
                <![CDATA[chrome]]>
              </value>
            </param>
            <param index="1">
              <value>
                <![CDATA[5555]]>
              </value>
            </param>
          </params>
          <reporter-output>
          </reporter-output>
        </test-method> <!-- setUp -->
        <test-method status="PASS" signature="unregisteredUsername()[pri:7, instance:com.qa.testcases.LoginPageTest@5056dfcb]" name="unregisteredUsername" duration-ms="1537" started-at="2019-08-21T03:39:08Z" finished-at="2019-08-21T03:39:10Z">
          <reporter-output>
          </reporter-output>
        </test-method> <!-- unregisteredUsername -->
        <test-method status="PASS" signature="tearDown()[pri:0, instance:com.qa.testcases.LoginPageTest@5056dfcb]" name="tearDown" is-config="true" duration-ms="92" started-at="2019-08-21T03:39:10Z" finished-at="2019-08-21T03:39:10Z">
          <reporter-output>
          </reporter-output>
        </test-method> <!-- tearDown -->
        <test-method status="PASS" signature="setUp(java.lang.String, java.lang.String)[pri:0, instance:com.qa.testcases.LoginPageTest@5056dfcb]" name="setUp" is-config="true" duration-ms="6106" started-at="2019-08-21T03:39:10Z" finished-at="2019-08-21T03:39:16Z">
          <params>
            <param index="0">
              <value>
                <![CDATA[chrome]]>
              </value>
            </param>
            <param index="1">
              <value>
                <![CDATA[5555]]>
              </value>
            </param>
          </params>
          <reporter-output>
          </reporter-output>
        </test-method> <!-- setUp -->
        <test-method status="PASS" signature="invalidPassword()[pri:8, instance:com.qa.testcases.LoginPageTest@5056dfcb]" name="invalidPassword" duration-ms="1442" started-at="2019-08-21T03:39:16Z" finished-at="2019-08-21T03:39:18Z">
          <reporter-output>
          </reporter-output>
        </test-method> <!-- invalidPassword -->
        <test-method status="PASS" signature="tearDown()[pri:0, instance:com.qa.testcases.LoginPageTest@5056dfcb]" name="tearDown" is-config="true" duration-ms="277" started-at="2019-08-21T03:39:18Z" finished-at="2019-08-21T03:39:18Z">
          <reporter-output>
          </reporter-output>
        </test-method> <!-- tearDown -->
        <test-method status="PASS" signature="setUp(java.lang.String, java.lang.String)[pri:0, instance:com.qa.testcases.LoginPageTest@5056dfcb]" name="setUp" is-config="true" duration-ms="6521" started-at="2019-08-21T03:39:18Z" finished-at="2019-08-21T03:39:25Z">
          <params>
            <param index="0">
              <value>
                <![CDATA[chrome]]>
              </value>
            </param>
            <param index="1">
              <value>
                <![CDATA[5555]]>
              </value>
            </param>
          </params>
          <reporter-output>
          </reporter-output>
        </test-method> <!-- setUp -->
        <test-method status="PASS" signature="invalidUsername()[pri:9, instance:com.qa.testcases.LoginPageTest@5056dfcb]" name="invalidUsername" duration-ms="1778" started-at="2019-08-21T03:39:25Z" finished-at="2019-08-21T03:39:27Z">
          <reporter-output>
          </reporter-output>
        </test-method> <!-- invalidUsername -->
        <test-method status="PASS" signature="tearDown()[pri:0, instance:com.qa.testcases.LoginPageTest@5056dfcb]" name="tearDown" is-config="true" duration-ms="98" started-at="2019-08-21T03:39:27Z" finished-at="2019-08-21T03:39:27Z">
          <reporter-output>
          </reporter-output>
        </test-method> <!-- tearDown -->
        <test-method status="PASS" signature="setUp(java.lang.String, java.lang.String)[pri:0, instance:com.qa.testcases.LoginPageTest@5056dfcb]" name="setUp" is-config="true" duration-ms="7465" started-at="2019-08-21T03:39:27Z" finished-at="2019-08-21T03:39:35Z">
          <params>
            <param index="0">
              <value>
                <![CDATA[chrome]]>
              </value>
            </param>
            <param index="1">
              <value>
                <![CDATA[5555]]>
              </value>
            </param>
          </params>
          <reporter-output>
          </reporter-output>
        </test-method> <!-- setUp -->
        <test-method status="PASS" signature="isPasswordVisible()[pri:10, instance:com.qa.testcases.LoginPageTest@5056dfcb]" name="isPasswordVisible" duration-ms="58" started-at="2019-08-21T03:39:35Z" finished-at="2019-08-21T03:39:35Z">
          <reporter-output>
          </reporter-output>
        </test-method> <!-- isPasswordVisible -->
        <test-method status="PASS" signature="tearDown()[pri:0, instance:com.qa.testcases.LoginPageTest@5056dfcb]" name="tearDown" is-config="true" duration-ms="90" started-at="2019-08-21T03:39:35Z" finished-at="2019-08-21T03:39:35Z">
          <reporter-output>
          </reporter-output>
        </test-method> <!-- tearDown -->
        <test-method status="PASS" signature="setUp(java.lang.String, java.lang.String)[pri:0, instance:com.qa.testcases.LoginPageTest@5056dfcb]" name="setUp" is-config="true" duration-ms="5970" started-at="2019-08-21T03:39:35Z" finished-at="2019-08-21T03:39:41Z">
          <params>
            <param index="0">
              <value>
                <![CDATA[chrome]]>
              </value>
            </param>
            <param index="1">
              <value>
                <![CDATA[5555]]>
              </value>
            </param>
          </params>
          <reporter-output>
          </reporter-output>
        </test-method> <!-- setUp -->
        <test-method status="PASS" signature="isEnterKeyAllowed()[pri:11, instance:com.qa.testcases.LoginPageTest@5056dfcb]" name="isEnterKeyAllowed" duration-ms="1689" started-at="2019-08-21T03:39:41Z" finished-at="2019-08-21T03:39:43Z">
          <reporter-output>
          </reporter-output>
        </test-method> <!-- isEnterKeyAllowed -->
        <test-method status="PASS" signature="tearDown()[pri:0, instance:com.qa.testcases.LoginPageTest@5056dfcb]" name="tearDown" is-config="true" duration-ms="103" started-at="2019-08-21T03:39:43Z" finished-at="2019-08-21T03:39:43Z">
          <reporter-output>
          </reporter-output>
        </test-method> <!-- tearDown -->
      </class> <!-- com.qa.testcases.LoginPageTest -->
    </test> <!-- ChromeTest -->
    <test name="FirefoxTest" duration-ms="160899" started-at="2019-08-21T07:39:48Z" finished-at="2019-08-21T07:42:29Z">
      <class name="com.qa.testcases.ForgetPasswordPageTest">
        <test-method status="PASS" signature="setUp(java.lang.String, java.lang.String)[pri:0, instance:com.qa.testcases.ForgetPasswordPageTest@5dfcfece]" name="setUp" is-config="true" duration-ms="8577" started-at="2019-08-21T03:39:57Z" finished-at="2019-08-21T03:40:05Z">
          <params>
            <param index="0">
              <value>
                <![CDATA[firefox]]>
              </value>
            </param>
            <param index="1">
              <value>
                <![CDATA[5556]]>
              </value>
            </param>
          </params>
          <reporter-output>
          </reporter-output>
        </test-method> <!-- setUp -->
        <test-method status="PASS" signature="redirectedToForgotPasswordPage()[pri:1, instance:com.qa.testcases.ForgetPasswordPageTest@5dfcfece]" name="redirectedToForgotPasswordPage" duration-ms="1321" started-at="2019-08-21T03:40:05Z" finished-at="2019-08-21T03:40:07Z">
          <reporter-output>
          </reporter-output>
        </test-method> <!-- redirectedToForgotPasswordPage -->
        <test-method status="PASS" signature="tearDown()[pri:0, instance:com.qa.testcases.ForgetPasswordPageTest@5dfcfece]" name="tearDown" is-config="true" duration-ms="702" started-at="2019-08-21T03:40:07Z" finished-at="2019-08-21T03:40:08Z">
          <reporter-output>
          </reporter-output>
        </test-method> <!-- tearDown -->
        <test-method status="PASS" signature="setUp(java.lang.String, java.lang.String)[pri:0, instance:com.qa.testcases.ForgetPasswordPageTest@5dfcfece]" name="setUp" is-config="true" duration-ms="9824" started-at="2019-08-21T03:40:16Z" finished-at="2019-08-21T03:40:26Z">
          <params>
            <param index="0">
              <value>
                <![CDATA[firefox]]>
              </value>
            </param>
            <param index="1">
              <value>
                <![CDATA[5556]]>
              </value>
            </param>
          </params>
          <reporter-output>
          </reporter-output>
        </test-method> <!-- setUp -->
        <test-method status="PASS" signature="unregisteredUsername()[pri:2, instance:com.qa.testcases.ForgetPasswordPageTest@5dfcfece]" name="unregisteredUsername" duration-ms="1564" started-at="2019-08-21T03:40:26Z" finished-at="2019-08-21T03:40:28Z">
          <reporter-output>
          </reporter-output>
        </test-method> <!-- unregisteredUsername -->
        <test-method status="PASS" signature="tearDown()[pri:0, instance:com.qa.testcases.ForgetPasswordPageTest@5dfcfece]" name="tearDown" is-config="true" duration-ms="666" started-at="2019-08-21T03:40:28Z" finished-at="2019-08-21T03:40:28Z">
          <reporter-output>
          </reporter-output>
        </test-method> <!-- tearDown -->
        <test-method status="PASS" signature="setUp(java.lang.String, java.lang.String)[pri:0, instance:com.qa.testcases.ForgetPasswordPageTest@5dfcfece]" name="setUp" is-config="true" duration-ms="8212" started-at="2019-08-21T03:40:39Z" finished-at="2019-08-21T03:40:47Z">
          <params>
            <param index="0">
              <value>
                <![CDATA[firefox]]>
              </value>
            </param>
            <param index="1">
              <value>
                <![CDATA[5556]]>
              </value>
            </param>
          </params>
          <reporter-output>
          </reporter-output>
        </test-method> <!-- setUp -->
        <test-method status="PASS" signature="invalidUsername()[pri:3, instance:com.qa.testcases.ForgetPasswordPageTest@5dfcfece]" name="invalidUsername" duration-ms="1027" started-at="2019-08-21T03:40:47Z" finished-at="2019-08-21T03:40:48Z">
          <reporter-output>
          </reporter-output>
        </test-method> <!-- invalidUsername -->
        <test-method status="PASS" signature="tearDown()[pri:0, instance:com.qa.testcases.ForgetPasswordPageTest@5dfcfece]" name="tearDown" is-config="true" duration-ms="628" started-at="2019-08-21T03:40:48Z" finished-at="2019-08-21T03:40:49Z">
          <reporter-output>
          </reporter-output>
        </test-method> <!-- tearDown -->
        <test-method status="PASS" signature="setUp(java.lang.String, java.lang.String)[pri:0, instance:com.qa.testcases.ForgetPasswordPageTest@5dfcfece]" name="setUp" is-config="true" duration-ms="8449" started-at="2019-08-21T03:40:59Z" finished-at="2019-08-21T03:41:07Z">
          <params>
            <param index="0">
              <value>
                <![CDATA[firefox]]>
              </value>
            </param>
            <param index="1">
              <value>
                <![CDATA[5556]]>
              </value>
            </param>
          </params>
          <reporter-output>
          </reporter-output>
        </test-method> <!-- setUp -->
        <test-method status="PASS" signature="validUsername()[pri:4, instance:com.qa.testcases.ForgetPasswordPageTest@5dfcfece]" name="validUsername" duration-ms="1198" started-at="2019-08-21T03:41:07Z" finished-at="2019-08-21T03:41:08Z">
          <reporter-output>
          </reporter-output>
        </test-method> <!-- validUsername -->
        <test-method status="PASS" signature="tearDown()[pri:0, instance:com.qa.testcases.ForgetPasswordPageTest@5dfcfece]" name="tearDown" is-config="true" duration-ms="715" started-at="2019-08-21T03:41:09Z" finished-at="2019-08-21T03:41:09Z">
          <reporter-output>
          </reporter-output>
        </test-method> <!-- tearDown -->
        <test-method status="PASS" signature="setUp(java.lang.String, java.lang.String)[pri:0, instance:com.qa.testcases.ForgetPasswordPageTest@5dfcfece]" name="setUp" is-config="true" duration-ms="8143" started-at="2019-08-21T03:41:19Z" finished-at="2019-08-21T03:41:28Z">
          <params>
            <param index="0">
              <value>
                <![CDATA[firefox]]>
              </value>
            </param>
            <param index="1">
              <value>
                <![CDATA[5556]]>
              </value>
            </param>
          </params>
          <reporter-output>
          </reporter-output>
        </test-method> <!-- setUp -->
        <test-method status="PASS" signature="emptyUsername()[pri:5, instance:com.qa.testcases.ForgetPasswordPageTest@5dfcfece]" name="emptyUsername" duration-ms="939" started-at="2019-08-21T03:41:28Z" finished-at="2019-08-21T03:41:28Z">
          <reporter-output>
          </reporter-output>
        </test-method> <!-- emptyUsername -->
        <test-method status="PASS" signature="tearDown()[pri:0, instance:com.qa.testcases.ForgetPasswordPageTest@5dfcfece]" name="tearDown" is-config="true" duration-ms="726" started-at="2019-08-21T03:41:29Z" finished-at="2019-08-21T03:41:29Z">
          <reporter-output>
          </reporter-output>
        </test-method> <!-- tearDown -->
      </class> <!-- com.qa.testcases.ForgetPasswordPageTest -->
      <class name="com.qa.testcases.LoginPageTest">
        <test-method status="PASS" signature="setUp(java.lang.String, java.lang.String)[pri:0, instance:com.qa.testcases.LoginPageTest@4439f31e]" name="setUp" is-config="true" duration-ms="7473" started-at="2019-08-21T03:39:48Z" finished-at="2019-08-21T03:39:56Z">
          <params>
            <param index="0">
              <value>
                <![CDATA[firefox]]>
              </value>
            </param>
            <param index="1">
              <value>
                <![CDATA[5556]]>
              </value>
            </param>
          </params>
          <reporter-output>
          </reporter-output>
        </test-method> <!-- setUp -->
        <test-method status="PASS" signature="validateLoginPageTitle()[pri:1, instance:com.qa.testcases.LoginPageTest@4439f31e]" name="validateLoginPageTitle" duration-ms="5" started-at="2019-08-21T03:39:56Z" finished-at="2019-08-21T03:39:56Z">
          <reporter-output>
          </reporter-output>
        </test-method> <!-- validateLoginPageTitle -->
        <test-method status="PASS" signature="tearDown()[pri:0, instance:com.qa.testcases.LoginPageTest@4439f31e]" name="tearDown" is-config="true" duration-ms="675" started-at="2019-08-21T03:39:56Z" finished-at="2019-08-21T03:39:57Z">
          <reporter-output>
          </reporter-output>
        </test-method> <!-- tearDown -->
        <test-method status="PASS" signature="setUp(java.lang.String, java.lang.String)[pri:0, instance:com.qa.testcases.LoginPageTest@4439f31e]" name="setUp" is-config="true" duration-ms="7764" started-at="2019-08-21T03:40:08Z" finished-at="2019-08-21T03:40:15Z">
          <params>
            <param index="0">
              <value>
                <![CDATA[firefox]]>
              </value>
            </param>
            <param index="1">
              <value>
                <![CDATA[5556]]>
              </value>
            </param>
          </params>
          <reporter-output>
          </reporter-output>
        </test-method> <!-- setUp -->
        <test-method status="PASS" signature="logoImageTest()[pri:2, instance:com.qa.testcases.LoginPageTest@4439f31e]" name="logoImageTest" duration-ms="68" started-at="2019-08-21T03:40:15Z" finished-at="2019-08-21T03:40:15Z">
          <reporter-output>
          </reporter-output>
        </test-method> <!-- logoImageTest -->
        <test-method status="PASS" signature="tearDown()[pri:0, instance:com.qa.testcases.LoginPageTest@4439f31e]" name="tearDown" is-config="true" duration-ms="660" started-at="2019-08-21T03:40:16Z" finished-at="2019-08-21T03:40:16Z">
          <reporter-output>
          </reporter-output>
        </test-method> <!-- tearDown -->
        <test-method status="PASS" signature="setUp(java.lang.String, java.lang.String)[pri:0, instance:com.qa.testcases.LoginPageTest@4439f31e]" name="setUp" is-config="true" duration-ms="7482" started-at="2019-08-21T03:40:28Z" finished-at="2019-08-21T03:40:36Z">
          <params>
            <param index="0">
              <value>
                <![CDATA[firefox]]>
              </value>
            </param>
            <param index="1">
              <value>
                <![CDATA[5556]]>
              </value>
            </param>
          </params>
          <reporter-output>
          </reporter-output>
        </test-method> <!-- setUp -->
        <test-method status="PASS" signature="validCredentials()[pri:3, instance:com.qa.testcases.LoginPageTest@4439f31e]" name="validCredentials" duration-ms="1921" started-at="2019-08-21T03:40:36Z" finished-at="2019-08-21T03:40:38Z">
          <reporter-output>
          </reporter-output>
        </test-method> <!-- validCredentials -->
        <test-method status="PASS" signature="tearDown()[pri:0, instance:com.qa.testcases.LoginPageTest@4439f31e]" name="tearDown" is-config="true" duration-ms="617" started-at="2019-08-21T03:40:38Z" finished-at="2019-08-21T03:40:39Z">
          <reporter-output>
          </reporter-output>
        </test-method> <!-- tearDown -->
        <test-method status="PASS" signature="setUp(java.lang.String, java.lang.String)[pri:0, instance:com.qa.testcases.LoginPageTest@4439f31e]" name="setUp" is-config="true" duration-ms="8211" started-at="2019-08-21T03:40:49Z" finished-at="2019-08-21T03:40:57Z">
          <params>
            <param index="0">
              <value>
                <![CDATA[firefox]]>
              </value>
            </param>
            <param index="1">
              <value>
                <![CDATA[5556]]>
              </value>
            </param>
          </params>
          <reporter-output>
          </reporter-output>
        </test-method> <!-- setUp -->
        <test-method status="PASS" signature="emptyCredentials()[pri:4, instance:com.qa.testcases.LoginPageTest@4439f31e]" name="emptyCredentials" duration-ms="1180" started-at="2019-08-21T03:40:57Z" finished-at="2019-08-21T03:40:58Z">
          <reporter-output>
          </reporter-output>
        </test-method> <!-- emptyCredentials -->
        <test-method status="PASS" signature="tearDown()[pri:0, instance:com.qa.testcases.LoginPageTest@4439f31e]" name="tearDown" is-config="true" duration-ms="703" started-at="2019-08-21T03:40:58Z" finished-at="2019-08-21T03:40:59Z">
          <reporter-output>
          </reporter-output>
        </test-method> <!-- tearDown -->
        <test-method status="PASS" signature="setUp(java.lang.String, java.lang.String)[pri:0, instance:com.qa.testcases.LoginPageTest@4439f31e]" name="setUp" is-config="true" duration-ms="7702" started-at="2019-08-21T03:41:09Z" finished-at="2019-08-21T03:41:17Z">
          <params>
            <param index="0">
              <value>
                <![CDATA[firefox]]>
              </value>
            </param>
            <param index="1">
              <value>
                <![CDATA[5556]]>
              </value>
            </param>
          </params>
          <reporter-output>
          </reporter-output>
        </test-method> <!-- setUp -->
        <test-method status="PASS" signature="emptyUsername()[pri:5, instance:com.qa.testcases.LoginPageTest@4439f31e]" name="emptyUsername" duration-ms="1513" started-at="2019-08-21T03:41:17Z" finished-at="2019-08-21T03:41:19Z">
          <reporter-output>
          </reporter-output>
        </test-method> <!-- emptyUsername -->
        <test-method status="PASS" signature="tearDown()[pri:0, instance:com.qa.testcases.LoginPageTest@4439f31e]" name="tearDown" is-config="true" duration-ms="718" started-at="2019-08-21T03:41:19Z" finished-at="2019-08-21T03:41:19Z">
          <reporter-output>
          </reporter-output>
        </test-method> <!-- tearDown -->
        <test-method status="PASS" signature="setUp(java.lang.String, java.lang.String)[pri:0, instance:com.qa.testcases.LoginPageTest@4439f31e]" name="setUp" is-config="true" duration-ms="7336" started-at="2019-08-21T03:41:29Z" finished-at="2019-08-21T03:41:37Z">
          <params>
            <param index="0">
              <value>
                <![CDATA[firefox]]>
              </value>
            </param>
            <param index="1">
              <value>
                <![CDATA[5556]]>
              </value>
            </param>
          </params>
          <reporter-output>
          </reporter-output>
        </test-method> <!-- setUp -->
        <test-method status="PASS" signature="emptyPassword()[pri:6, instance:com.qa.testcases.LoginPageTest@4439f31e]" name="emptyPassword" duration-ms="1532" started-at="2019-08-21T03:41:37Z" finished-at="2019-08-21T03:41:38Z">
          <reporter-output>
          </reporter-output>
        </test-method> <!-- emptyPassword -->
        <test-method status="PASS" signature="tearDown()[pri:0, instance:com.qa.testcases.LoginPageTest@4439f31e]" name="tearDown" is-config="true" duration-ms="642" started-at="2019-08-21T03:41:38Z" finished-at="2019-08-21T03:41:39Z">
          <reporter-output>
          </reporter-output>
        </test-method> <!-- tearDown -->
        <test-method status="PASS" signature="setUp(java.lang.String, java.lang.String)[pri:0, instance:com.qa.testcases.LoginPageTest@4439f31e]" name="setUp" is-config="true" duration-ms="9454" started-at="2019-08-21T03:41:39Z" finished-at="2019-08-21T03:41:48Z">
          <params>
            <param index="0">
              <value>
                <![CDATA[firefox]]>
              </value>
            </param>
            <param index="1">
              <value>
                <![CDATA[5556]]>
              </value>
            </param>
          </params>
          <reporter-output>
          </reporter-output>
        </test-method> <!-- setUp -->
        <test-method status="PASS" signature="unregisteredUsername()[pri:7, instance:com.qa.testcases.LoginPageTest@4439f31e]" name="unregisteredUsername" duration-ms="1631" started-at="2019-08-21T03:41:48Z" finished-at="2019-08-21T03:41:50Z">
          <reporter-output>
          </reporter-output>
        </test-method> <!-- unregisteredUsername -->
        <test-method status="PASS" signature="tearDown()[pri:0, instance:com.qa.testcases.LoginPageTest@4439f31e]" name="tearDown" is-config="true" duration-ms="700" started-at="2019-08-21T03:41:50Z" finished-at="2019-08-21T03:41:51Z">
          <reporter-output>
          </reporter-output>
        </test-method> <!-- tearDown -->
        <test-method status="PASS" signature="setUp(java.lang.String, java.lang.String)[pri:0, instance:com.qa.testcases.LoginPageTest@4439f31e]" name="setUp" is-config="true" duration-ms="7056" started-at="2019-08-21T03:41:51Z" finished-at="2019-08-21T03:41:58Z">
          <params>
            <param index="0">
              <value>
                <![CDATA[firefox]]>
              </value>
            </param>
            <param index="1">
              <value>
                <![CDATA[5556]]>
              </value>
            </param>
          </params>
          <reporter-output>
          </reporter-output>
        </test-method> <!-- setUp -->
        <test-method status="PASS" signature="invalidPassword()[pri:8, instance:com.qa.testcases.LoginPageTest@4439f31e]" name="invalidPassword" duration-ms="1695" started-at="2019-08-21T03:41:58Z" finished-at="2019-08-21T03:42:00Z">
          <reporter-output>
          </reporter-output>
        </test-method> <!-- invalidPassword -->
        <test-method status="PASS" signature="tearDown()[pri:0, instance:com.qa.testcases.LoginPageTest@4439f31e]" name="tearDown" is-config="true" duration-ms="674" started-at="2019-08-21T03:42:00Z" finished-at="2019-08-21T03:42:01Z">
          <reporter-output>
          </reporter-output>
        </test-method> <!-- tearDown -->
        <test-method status="PASS" signature="setUp(java.lang.String, java.lang.String)[pri:0, instance:com.qa.testcases.LoginPageTest@4439f31e]" name="setUp" is-config="true" duration-ms="8460" started-at="2019-08-21T03:42:01Z" finished-at="2019-08-21T03:42:09Z">
          <params>
            <param index="0">
              <value>
                <![CDATA[firefox]]>
              </value>
            </param>
            <param index="1">
              <value>
                <![CDATA[5556]]>
              </value>
            </param>
          </params>
          <reporter-output>
          </reporter-output>
        </test-method> <!-- setUp -->
        <test-method status="PASS" signature="invalidUsername()[pri:9, instance:com.qa.testcases.LoginPageTest@4439f31e]" name="invalidUsername" duration-ms="1747" started-at="2019-08-21T03:42:09Z" finished-at="2019-08-21T03:42:11Z">
          <reporter-output>
          </reporter-output>
        </test-method> <!-- invalidUsername -->
        <test-method status="PASS" signature="tearDown()[pri:0, instance:com.qa.testcases.LoginPageTest@4439f31e]" name="tearDown" is-config="true" duration-ms="699" started-at="2019-08-21T03:42:11Z" finished-at="2019-08-21T03:42:12Z">
          <reporter-output>
          </reporter-output>
        </test-method> <!-- tearDown -->
        <test-method status="PASS" signature="setUp(java.lang.String, java.lang.String)[pri:0, instance:com.qa.testcases.LoginPageTest@4439f31e]" name="setUp" is-config="true" duration-ms="7606" started-at="2019-08-21T03:42:12Z" finished-at="2019-08-21T03:42:19Z">
          <params>
            <param index="0">
              <value>
                <![CDATA[firefox]]>
              </value>
            </param>
            <param index="1">
              <value>
                <![CDATA[5556]]>
              </value>
            </param>
          </params>
          <reporter-output>
          </reporter-output>
        </test-method> <!-- setUp -->
        <test-method status="PASS" signature="isPasswordVisible()[pri:10, instance:com.qa.testcases.LoginPageTest@4439f31e]" name="isPasswordVisible" duration-ms="56" started-at="2019-08-21T03:42:19Z" finished-at="2019-08-21T03:42:19Z">
          <reporter-output>
          </reporter-output>
        </test-method> <!-- isPasswordVisible -->
        <test-method status="PASS" signature="tearDown()[pri:0, instance:com.qa.testcases.LoginPageTest@4439f31e]" name="tearDown" is-config="true" duration-ms="665" started-at="2019-08-21T03:42:19Z" finished-at="2019-08-21T03:42:20Z">
          <reporter-output>
          </reporter-output>
        </test-method> <!-- tearDown -->
        <test-method status="PASS" signature="setUp(java.lang.String, java.lang.String)[pri:0, instance:com.qa.testcases.LoginPageTest@4439f31e]" name="setUp" is-config="true" duration-ms="8010" started-at="2019-08-21T03:42:20Z" finished-at="2019-08-21T03:42:28Z">
          <params>
            <param index="0">
              <value>
                <![CDATA[firefox]]>
              </value>
            </param>
            <param index="1">
              <value>
                <![CDATA[5556]]>
              </value>
            </param>
          </params>
          <reporter-output>
          </reporter-output>
        </test-method> <!-- setUp -->
        <test-method status="FAIL" signature="isEnterKeyAllowed()[pri:11, instance:com.qa.testcases.LoginPageTest@4439f31e]" name="isEnterKeyAllowed" duration-ms="497" started-at="2019-08-21T03:42:28Z" finished-at="2019-08-21T03:42:29Z">
          <exception class="java.lang.AssertionError">
            <message>
              <![CDATA[expected:<http://automationpractice.com/index.php?controller=authentication&back=my-account> but was:<http://automationpractice.com/index.php?controller=my-account>]]>
            </message>
            <full-stacktrace>
              <![CDATA[java.lang.AssertionError: expected:<http://automationpractice.com/index.php?controller=authentication&back=my-account> but was:<http://automationpractice.com/index.php?controller=my-account>
	at org.testng.AssertJUnit.assertEquals(AssertJUnit.java:101)
	at org.testng.AssertJUnit.assertEquals(AssertJUnit.java:108)
	at com.qa.testcases.LoginPageTest.isEnterKeyAllowed(LoginPageTest.java:193)
	at sun.reflect.NativeMethodAccessorImpl.invoke0(Native Method)
	at sun.reflect.NativeMethodAccessorImpl.invoke(NativeMethodAccessorImpl.java:62)
	at sun.reflect.DelegatingMethodAccessorImpl.invoke(DelegatingMethodAccessorImpl.java:43)
	at java.lang.reflect.Method.invoke(Method.java:498)
	at org.testng.internal.MethodInvocationHelper.invokeMethod(MethodInvocationHelper.java:108)
	at org.testng.internal.Invoker.invokeMethod(Invoker.java:661)
	at org.testng.internal.Invoker.invokeTestMethod(Invoker.java:869)
	at org.testng.internal.Invoker.invokeTestMethods(Invoker.java:1193)
	at org.testng.internal.TestMethodWorker.invokeTestMethods(TestMethodWorker.java:126)
	at org.testng.internal.TestMethodWorker.run(TestMethodWorker.java:109)
	at org.testng.TestRunner.privateRun(TestRunner.java:744)
	at org.testng.TestRunner.run(TestRunner.java:602)
	at org.testng.SuiteRunner.runTest(SuiteRunner.java:380)
	at org.testng.SuiteRunner.runSequentially(SuiteRunner.java:375)
	at org.testng.SuiteRunner.privateRun(SuiteRunner.java:340)
	at org.testng.SuiteRunner.run(SuiteRunner.java:289)
	at org.testng.SuiteRunnerWorker.runSuite(SuiteRunnerWorker.java:52)
	at org.testng.SuiteRunnerWorker.run(SuiteRunnerWorker.java:86)
	at org.testng.TestNG.runSuitesSequentially(TestNG.java:1301)
	at org.testng.TestNG.runSuitesLocally(TestNG.java:1226)
	at org.testng.TestNG.runSuites(TestNG.java:1144)
	at org.testng.TestNG.run(TestNG.java:1115)
	at org.apache.maven.surefire.testng.TestNGExecutor.run(TestNGExecutor.java:283)
	at org.apache.maven.surefire.testng.TestNGXmlTestSuite.execute(TestNGXmlTestSuite.java:75)
	at org.apache.maven.surefire.testng.TestNGProvider.invoke(TestNGProvider.java:120)
	at org.apache.maven.surefire.booter.ForkedBooter.invokeProviderInSameClassLoader(ForkedBooter.java:384)
	at org.apache.maven.surefire.booter.ForkedBooter.runSuitesInProcess(ForkedBooter.java:345)
	at org.apache.maven.surefire.booter.ForkedBooter.execute(ForkedBooter.java:126)
	at org.apache.maven.surefire.booter.ForkedBooter.main(ForkedBooter.java:418)
]]>
            </full-stacktrace>
          </exception> <!-- java.lang.AssertionError -->
          <reporter-output>
          </reporter-output>
        </test-method> <!-- isEnterKeyAllowed -->
        <test-method status="PASS" signature="tearDown()[pri:0, instance:com.qa.testcases.LoginPageTest@4439f31e]" name="tearDown" is-config="true" duration-ms="676" started-at="2019-08-21T03:42:29Z" finished-at="2019-08-21T03:42:29Z">
          <reporter-output>
          </reporter-output>
        </test-method> <!-- tearDown -->
      </class> <!-- com.qa.testcases.LoginPageTest -->
    </test> <!-- FirefoxTest -->
  </suite> <!-- TestSuite -->
</testng-results>
