<?xml version="1.0" encoding="UTF-8"?>
<testng-results skipped="0" failed="0" ignored="16" total="19" passed="3">
  <reporter-output>
  </reporter-output>
  <suite name="TestSuite" duration-ms="68025" started-at="2019-08-20T01:29:16Z" finished-at="2019-08-20T01:30:24Z">
    <groups>
    </groups>
    <test name="ChromeTest" duration-ms="68025" started-at="2019-08-20T01:29:16Z" finished-at="2019-08-20T01:30:24Z">
      <class name="com.qa.testcases.SignupPageTest">
        <test-method status="PASS" signature="setUp(java.lang.String)[pri:0, instance:com.qa.testcases.SignupPageTest@20322d26]" name="setUp" is-config="true" duration-ms="22516" started-at="2019-08-20T01:29:16Z" finished-at="2019-08-20T01:29:38Z">
          <params>
            <param index="0">
              <value>
                <![CDATA[chrome]]>
              </value>
            </param>
          </params>
          <reporter-output>
          </reporter-output>
        </test-method> <!-- setUp -->
        <test-method status="PASS" signature="signUpScreenTestcase()[pri:1, instance:com.qa.testcases.SignupPageTest@20322d26]" name="signUpScreenTestcase" duration-ms="10546" started-at="2019-08-20T01:29:38Z" finished-at="2019-08-20T01:29:49Z">
          <reporter-output>
          </reporter-output>
        </test-method> <!-- signUpScreenTestcase -->
        <test-method status="PASS" signature="tearDown()[pri:0, instance:com.qa.testcases.SignupPageTest@20322d26]" name="tearDown" is-config="true" duration-ms="172" started-at="2019-08-20T01:29:49Z" finished-at="2019-08-20T01:29:50Z">
          <reporter-output>
          </reporter-output>
        </test-method> <!-- tearDown -->
      </class> <!-- com.qa.testcases.SignupPageTest -->
      <class name="com.qa.testcases.ForgetPasswordPageTest">
        <test-method status="PASS" signature="setUp(java.lang.String)[pri:0, instance:com.qa.testcases.ForgetPasswordPageTest@64bfbc86]" name="setUp" is-config="true" duration-ms="10830" started-at="2019-08-20T01:30:11Z" finished-at="2019-08-20T01:30:22Z">
          <params>
            <param index="0">
              <value>
                <![CDATA[chrome]]>
              </value>
            </param>
          </params>
          <reporter-output>
          </reporter-output>
        </test-method> <!-- setUp -->
        <test-method status="PASS" signature="redirectedToForgotPasswordPage()[pri:1, instance:com.qa.testcases.ForgetPasswordPageTest@64bfbc86]" name="redirectedToForgotPasswordPage" duration-ms="1437" started-at="2019-08-20T01:30:22Z" finished-at="2019-08-20T01:30:23Z">
          <reporter-output>
          </reporter-output>
        </test-method> <!-- redirectedToForgotPasswordPage -->
        <test-method status="PASS" signature="tearDown()[pri:0, instance:com.qa.testcases.ForgetPasswordPageTest@64bfbc86]" name="tearDown" is-config="true" duration-ms="145" started-at="2019-08-20T01:30:24Z" finished-at="2019-08-20T01:30:24Z">
          <reporter-output>
          </reporter-output>
        </test-method> <!-- tearDown -->
      </class> <!-- com.qa.testcases.ForgetPasswordPageTest -->
      <class name="com.qa.testcases.LoginPageTest">
        <test-method status="PASS" signature="setUp(java.lang.String)[pri:0, instance:com.qa.testcases.LoginPageTest@192b07fd]" name="setUp" is-config="true" duration-ms="20988" started-at="2019-08-20T01:29:50Z" finished-at="2019-08-20T01:30:11Z">
          <params>
            <param index="0">
              <value>
                <![CDATA[chrome]]>
              </value>
            </param>
          </params>
          <reporter-output>
          </reporter-output>
        </test-method> <!-- setUp -->
        <test-method status="PASS" signature="validateLoginPageTitle()[pri:1, instance:com.qa.testcases.LoginPageTest@192b07fd]" name="validateLoginPageTitle" duration-ms="13" started-at="2019-08-20T01:30:11Z" finished-at="2019-08-20T01:30:11Z">
          <reporter-output>
          </reporter-output>
        </test-method> <!-- validateLoginPageTitle -->
        <test-method status="PASS" signature="tearDown()[pri:0, instance:com.qa.testcases.LoginPageTest@192b07fd]" name="tearDown" is-config="true" duration-ms="107" started-at="2019-08-20T01:30:11Z" finished-at="2019-08-20T01:30:11Z">
          <reporter-output>
          </reporter-output>
        </test-method> <!-- tearDown -->
      </class> <!-- com.qa.testcases.LoginPageTest -->
    </test> <!-- ChromeTest -->
  </suite> <!-- TestSuite -->
</testng-results>
