<?xml version="1.0" encoding="UTF-8"?>
<!-- Generated by org.testng.reporters.JUnitXMLReporter -->
<testsuite hostname="santhoshs-MacBook-Air.local" ignored="16" name="ChromeTest" tests="3" failures="0" timestamp="20 Aug 2019 01:30:30 GMT" time="68.025" errors="0">
  <testcase name="signUpScreenTestcase" time="10.546" classname="com.qa.testcases.SignupPageTest"/>
  <testcase name="validateLoginPageTitle" time="0.013" classname="com.qa.testcases.LoginPageTest"/>
  <testcase name="redirectedToForgotPasswordPage" time="1.437" classname="com.qa.testcases.ForgetPasswordPageTest"/>
  <testcase name="unSuccessfulLoginAttempts" time="0.0" classname="com.qa.testcases.LoginPageTest">
    <ignored/>
  </testcase> <!-- unSuccessfulLoginAttempts -->
  <testcase name="decipheringPassword" time="0.0" classname="com.qa.testcases.LoginPageTest">
    <ignored/>
  </testcase> <!-- decipheringPassword -->
  <testcase name="backButtonAfterLogout" time="0.0" classname="com.qa.testcases.LoginPageTest">
    <ignored/>
  </testcase> <!-- backButtonAfterLogout -->
  <testcase name="validUsername" time="0.0" classname="com.qa.testcases.ForgetPasswordPageTest">
    <ignored/>
  </testcase> <!-- validUsername -->
  <testcase name="newPasswordLogin" time="0.0" classname="com.qa.testcases.ForgetPasswordPageTest">
    <ignored/>
  </testcase> <!-- newPasswordLogin -->
  <testcase name="differentBrowserLogin" time="0.0" classname="com.qa.testcases.LoginPageTest">
    <ignored/>
  </testcase> <!-- differentBrowserLogin -->
  <testcase name="isLoginElementPresent" time="0.0" classname="com.qa.testcases.LoginPageTest">
    <ignored/>
  </testcase> <!-- isLoginElementPresent -->
  <testcase name="differentWindowLogin" time="0.0" classname="com.qa.testcases.LoginPageTest">
    <ignored/>
  </testcase> <!-- differentWindowLogin -->
  <testcase name="usernameLength" time="0.0" classname="com.qa.testcases.LoginPageTest">
    <ignored/>
  </testcase> <!-- usernameLength -->
  <testcase name="inActiveCredentials" time="0.0" classname="com.qa.testcases.LoginPageTest">
    <ignored/>
  </testcase> <!-- inActiveCredentials -->
  <testcase name="oldPasswordLogin" time="0.0" classname="com.qa.testcases.ForgetPasswordPageTest">
    <ignored/>
  </testcase> <!-- oldPasswordLogin -->
  <testcase name="passwordLength" time="0.0" classname="com.qa.testcases.LoginPageTest">
    <ignored/>
  </testcase> <!-- passwordLength -->
  <testcase name="usernameLength2" time="0.0" classname="com.qa.testcases.LoginPageTest">
    <ignored/>
  </testcase> <!-- usernameLength2 -->
  <testcase name="backButtonAfterLogin" time="0.0" classname="com.qa.testcases.LoginPageTest">
    <ignored/>
  </testcase> <!-- backButtonAfterLogin -->
  <testcase name="reopenApplicationWindow" time="0.0" classname="com.qa.testcases.LoginPageTest">
    <ignored/>
  </testcase> <!-- reopenApplicationWindow -->
  <testcase name="differentTabLogin" time="0.0" classname="com.qa.testcases.LoginPageTest">
    <ignored/>
  </testcase> <!-- differentTabLogin -->
</testsuite> <!-- ChromeTest -->
